[0.346s] Invoking command in '/home/robofei/Documents/Ros2_basic/lau_ws/src/my_robot_controller': PYTHONPATH=/home/robofei/Documents/Ros2_basic/lau_ws/build/my_robot_controller/prefix_override:/usr/lib/python3/dist-packages/colcon_core/task/python/colcon_distutils_commands:/home/robofei/Documents/Ros2_basic/lau_ws/install/my_robot_controller/lib/python3.10/site-packages:${PYTHONPATH} /usr/bin/python3 -W ignore:setup.py install is deprecated -W ignore:easy_install command is deprecated setup.py egg_info --egg-base ../../build/my_robot_controller build --build-base /home/robofei/Documents/Ros2_basic/lau_ws/build/my_robot_controller/build install --record /home/robofei/Documents/Ros2_basic/lau_ws/build/my_robot_controller/install.log --single-version-externally-managed install_data
[0.483s] running egg_info
[0.484s] writing ../../build/my_robot_controller/my_robot_controller.egg-info/PKG-INFO
[0.484s] writing dependency_links to ../../build/my_robot_controller/my_robot_controller.egg-info/dependency_links.txt
[0.484s] writing entry points to ../../build/my_robot_controller/my_robot_controller.egg-info/entry_points.txt
[0.484s] writing requirements to ../../build/my_robot_controller/my_robot_controller.egg-info/requires.txt
[0.484s] writing top-level names to ../../build/my_robot_controller/my_robot_controller.egg-info/top_level.txt
[0.486s] reading manifest file '../../build/my_robot_controller/my_robot_controller.egg-info/SOURCES.txt'
[0.487s] writing manifest file '../../build/my_robot_controller/my_robot_controller.egg-info/SOURCES.txt'
[0.487s] running build
[0.487s] running build_py
[0.487s] running install
[0.488s] running install_lib
[0.489s] running install_data
[0.489s] running install_egg_info
[0.490s] removing '/home/robofei/Documents/Ros2_basic/lau_ws/install/my_robot_controller/lib/python3.10/site-packages/my_robot_controller-0.1.0-py3.10.egg-info' (and everything under it)
[0.490s] Copying ../../build/my_robot_controller/my_robot_controller.egg-info to /home/robofei/Documents/Ros2_basic/lau_ws/install/my_robot_controller/lib/python3.10/site-packages/my_robot_controller-0.1.0-py3.10.egg-info
[0.491s] running install_scripts
[0.505s] Installing my_first_node script to /home/robofei/Documents/Ros2_basic/lau_ws/install/my_robot_controller/lib/my_robot_controller
[0.505s] Installing my_publisher script to /home/robofei/Documents/Ros2_basic/lau_ws/install/my_robot_controller/lib/my_robot_controller
[0.505s] Installing my_subscriber script to /home/robofei/Documents/Ros2_basic/lau_ws/install/my_robot_controller/lib/my_robot_controller
[0.505s] Installing transcrever script to /home/robofei/Documents/Ros2_basic/lau_ws/install/my_robot_controller/lib/my_robot_controller
[0.505s] Installing transcrever_client script to /home/robofei/Documents/Ros2_basic/lau_ws/install/my_robot_controller/lib/my_robot_controller
[0.505s] Installing transcrever_service script to /home/robofei/Documents/Ros2_basic/lau_ws/install/my_robot_controller/lib/my_robot_controller
[0.505s] writing list of installed files to '/home/robofei/Documents/Ros2_basic/lau_ws/build/my_robot_controller/install.log'
[0.520s] Invoked command in '/home/robofei/Documents/Ros2_basic/lau_ws/src/my_robot_controller' returned '0': PYTHONPATH=/home/robofei/Documents/Ros2_basic/lau_ws/build/my_robot_controller/prefix_override:/usr/lib/python3/dist-packages/colcon_core/task/python/colcon_distutils_commands:/home/robofei/Documents/Ros2_basic/lau_ws/install/my_robot_controller/lib/python3.10/site-packages:${PYTHONPATH} /usr/bin/python3 -W ignore:setup.py install is deprecated -W ignore:easy_install command is deprecated setup.py egg_info --egg-base ../../build/my_robot_controller build --build-base /home/robofei/Documents/Ros2_basic/lau_ws/build/my_robot_controller/build install --record /home/robofei/Documents/Ros2_basic/lau_ws/build/my_robot_controller/install.log --single-version-externally-managed install_data
