[0.689s] Invoking command in '/home/user/lau_ws/src/my_robot_controller': PYTHONPATH=/home/user/lau_ws/build/my_robot_controller/prefix_override:/usr/lib/python3/dist-packages/colcon_core/task/python/colcon_distutils_commands:/home/user/lau_ws/install/my_robot_controller/lib/python3.10/site-packages:${PYTHONPATH} _=/usr/bin/env /usr/bin/python3 -W ignore:setup.py install is deprecated -W ignore:easy_install command is deprecated setup.py egg_info --egg-base ../../build/my_robot_controller build --build-base /home/user/lau_ws/build/my_robot_controller/build install --record /home/user/lau_ws/build/my_robot_controller/install.log --single-version-externally-managed install_data
[1.017s] running egg_info
[1.040s] creating ../../build/my_robot_controller/my_robot_controller.egg-info
[1.040s] writing ../../build/my_robot_controller/my_robot_controller.egg-info/PKG-INFO
[1.040s] writing dependency_links to ../../build/my_robot_controller/my_robot_controller.egg-info/dependency_links.txt
[1.041s] writing requirements to ../../build/my_robot_controller/my_robot_controller.egg-info/requires.txt
[1.041s] writing top-level names to ../../build/my_robot_controller/my_robot_controller.egg-info/top_level.txt
[1.041s] writing manifest file '../../build/my_robot_controller/my_robot_controller.egg-info/SOURCES.txt'
[1.085s] reading manifest file '../../build/my_robot_controller/my_robot_controller.egg-info/SOURCES.txt'
[1.086s] writing manifest file '../../build/my_robot_controller/my_robot_controller.egg-info/SOURCES.txt'
[1.086s] running build
[1.086s] running build_py
[1.086s] creating /home/user/lau_ws/build/my_robot_controller/build/lib/my_robot_controller
[1.087s] copying my_robot_controller/__init__.py -> /home/user/lau_ws/build/my_robot_controller/build/lib/my_robot_controller
[1.087s] running install
[1.092s] running install_lib
[1.115s] creating /home/user/lau_ws/install/my_robot_controller/lib/python3.10/site-packages/my_robot_controller
[1.116s] copying /home/user/lau_ws/build/my_robot_controller/build/lib/my_robot_controller/__init__.py -> /home/user/lau_ws/install/my_robot_controller/lib/python3.10/site-packages/my_robot_controller
[1.116s] byte-compiling /home/user/lau_ws/install/my_robot_controller/lib/python3.10/site-packages/my_robot_controller/__init__.py to __init__.cpython-310.pyc
[1.116s] running install_data
[1.117s] creating /home/user/lau_ws/install/my_robot_controller/share/ament_index/resource_index/packages
[1.117s] copying resource/my_robot_controller -> /home/user/lau_ws/install/my_robot_controller/share/ament_index/resource_index/packages
[1.117s] copying package.xml -> /home/user/lau_ws/install/my_robot_controller/share/my_robot_controller
[1.117s] running install_egg_info
[1.138s] Copying ../../build/my_robot_controller/my_robot_controller.egg-info to /home/user/lau_ws/install/my_robot_controller/lib/python3.10/site-packages/my_robot_controller-0.0.0-py3.10.egg-info
[1.138s] running install_scripts
[1.180s] writing list of installed files to '/home/user/lau_ws/build/my_robot_controller/install.log'
[1.205s] Invoked command in '/home/user/lau_ws/src/my_robot_controller' returned '0': PYTHONPATH=/home/user/lau_ws/build/my_robot_controller/prefix_override:/usr/lib/python3/dist-packages/colcon_core/task/python/colcon_distutils_commands:/home/user/lau_ws/install/my_robot_controller/lib/python3.10/site-packages:${PYTHONPATH} _=/usr/bin/env /usr/bin/python3 -W ignore:setup.py install is deprecated -W ignore:easy_install command is deprecated setup.py egg_info --egg-base ../../build/my_robot_controller build --build-base /home/user/lau_ws/build/my_robot_controller/build install --record /home/user/lau_ws/build/my_robot_controller/install.log --single-version-externally-managed install_data
