[0.364s] Invoking command in '/home/robofei/Documents/Ros2_basic/lau_ws/src/my_robot_controller': PYTHONPATH=/home/robofei/Documents/Ros2_basic/lau_ws/build/my_robot_controller/prefix_override:/usr/lib/python3/dist-packages/colcon_core/task/python/colcon_distutils_commands:/home/robofei/Documents/Ros2_basic/lau_ws/install/my_robot_controller/lib/python3.10/site-packages:${PYTHONPATH} /usr/bin/python3 -W ignore:setup.py install is deprecated -W ignore:easy_install command is deprecated setup.py egg_info --egg-base ../../build/my_robot_controller build --build-base /home/robofei/Documents/Ros2_basic/lau_ws/build/my_robot_controller/build install --record /home/robofei/Documents/Ros2_basic/lau_ws/build/my_robot_controller/install.log --single-version-externally-managed install_data
[0.504s] running egg_info
[0.504s] writing ../../build/my_robot_controller/my_robot_controller.egg-info/PKG-INFO
[0.504s] writing dependency_links to ../../build/my_robot_controller/my_robot_controller.egg-info/dependency_links.txt
[0.504s] writing entry points to ../../build/my_robot_controller/my_robot_controller.egg-info/entry_points.txt
[0.504s] writing requirements to ../../build/my_robot_controller/my_robot_controller.egg-info/requires.txt
[0.504s] writing top-level names to ../../build/my_robot_controller/my_robot_controller.egg-info/top_level.txt
[0.505s] reading manifest file '../../build/my_robot_controller/my_robot_controller.egg-info/SOURCES.txt'
[0.506s] writing manifest file '../../build/my_robot_controller/my_robot_controller.egg-info/SOURCES.txt'
[0.506s] running build
[0.506s] running build_py
[0.506s] copying my_robot_controller/transcribe.py -> /home/robofei/Documents/Ros2_basic/lau_ws/build/my_robot_controller/build/lib/my_robot_controller
[0.506s] running install
[0.506s] running install_lib
[0.507s] copying /home/robofei/Documents/Ros2_basic/lau_ws/build/my_robot_controller/build/lib/my_robot_controller/transcribe.py -> /home/robofei/Documents/Ros2_basic/lau_ws/install/my_robot_controller/lib/python3.10/site-packages/my_robot_controller
[0.508s] byte-compiling /home/robofei/Documents/Ros2_basic/lau_ws/install/my_robot_controller/lib/python3.10/site-packages/my_robot_controller/transcribe.py to transcribe.cpython-310.pyc
[0.508s] running install_data
[0.508s] running install_egg_info
[0.510s] removing '/home/robofei/Documents/Ros2_basic/lau_ws/install/my_robot_controller/lib/python3.10/site-packages/my_robot_controller-0.1.0-py3.10.egg-info' (and everything under it)
[0.510s] Copying ../../build/my_robot_controller/my_robot_controller.egg-info to /home/robofei/Documents/Ros2_basic/lau_ws/install/my_robot_controller/lib/python3.10/site-packages/my_robot_controller-0.1.0-py3.10.egg-info
[0.511s] running install_scripts
[0.528s] Installing my_first_node script to /home/robofei/Documents/Ros2_basic/lau_ws/install/my_robot_controller/lib/my_robot_controller
[0.528s] Installing my_publisher script to /home/robofei/Documents/Ros2_basic/lau_ws/install/my_robot_controller/lib/my_robot_controller
[0.528s] Installing my_subscriber script to /home/robofei/Documents/Ros2_basic/lau_ws/install/my_robot_controller/lib/my_robot_controller
[0.528s] Installing transcrever script to /home/robofei/Documents/Ros2_basic/lau_ws/install/my_robot_controller/lib/my_robot_controller
[0.529s] writing list of installed files to '/home/robofei/Documents/Ros2_basic/lau_ws/build/my_robot_controller/install.log'
[0.544s] Invoked command in '/home/robofei/Documents/Ros2_basic/lau_ws/src/my_robot_controller' returned '0': PYTHONPATH=/home/robofei/Documents/Ros2_basic/lau_ws/build/my_robot_controller/prefix_override:/usr/lib/python3/dist-packages/colcon_core/task/python/colcon_distutils_commands:/home/robofei/Documents/Ros2_basic/lau_ws/install/my_robot_controller/lib/python3.10/site-packages:${PYTHONPATH} /usr/bin/python3 -W ignore:setup.py install is deprecated -W ignore:easy_install command is deprecated setup.py egg_info --egg-base ../../build/my_robot_controller build --build-base /home/robofei/Documents/Ros2_basic/lau_ws/build/my_robot_controller/build install --record /home/robofei/Documents/Ros2_basic/lau_ws/build/my_robot_controller/install.log --single-version-externally-managed install_data
