[0.391s] Invoking command in '/home/robofei/Documents/Ros2_basic/lau_ws/src/my_robot_controller': PYTHONPATH=/home/robofei/Documents/Ros2_basic/lau_ws/build/my_robot_controller/prefix_override:/usr/lib/python3/dist-packages/colcon_core/task/python/colcon_distutils_commands:/home/robofei/Documents/Ros2_basic/lau_ws/install/my_robot_controller/lib/python3.10/site-packages:${PYTHONPATH} /usr/bin/python3 -W ignore:setup.py install is deprecated -W ignore:easy_install command is deprecated setup.py egg_info --egg-base ../../build/my_robot_controller build --build-base /home/robofei/Documents/Ros2_basic/lau_ws/build/my_robot_controller/build install --record /home/robofei/Documents/Ros2_basic/lau_ws/build/my_robot_controller/install.log --single-version-externally-managed install_data
[0.548s] running egg_info
[0.549s] writing ../../build/my_robot_controller/my_robot_controller.egg-info/PKG-INFO
[0.549s] writing dependency_links to ../../build/my_robot_controller/my_robot_controller.egg-info/dependency_links.txt
[0.549s] writing entry points to ../../build/my_robot_controller/my_robot_controller.egg-info/entry_points.txt
[0.549s] writing requirements to ../../build/my_robot_controller/my_robot_controller.egg-info/requires.txt
[0.549s] writing top-level names to ../../build/my_robot_controller/my_robot_controller.egg-info/top_level.txt
[0.551s] reading manifest file '../../build/my_robot_controller/my_robot_controller.egg-info/SOURCES.txt'
[0.552s] writing manifest file '../../build/my_robot_controller/my_robot_controller.egg-info/SOURCES.txt'
[0.552s] running build
[0.552s] running build_py
[0.553s] copying my_robot_controller/transcribeClient.py -> /home/robofei/Documents/Ros2_basic/lau_ws/build/my_robot_controller/build/lib/my_robot_controller
[0.553s] copying my_robot_controller/transcribeService.py -> /home/robofei/Documents/Ros2_basic/lau_ws/build/my_robot_controller/build/lib/my_robot_controller
[0.553s] running install
[0.554s] running install_lib
[0.555s] copying /home/robofei/Documents/Ros2_basic/lau_ws/build/my_robot_controller/build/lib/my_robot_controller/transcribeClient.py -> /home/robofei/Documents/Ros2_basic/lau_ws/install/my_robot_controller/lib/python3.10/site-packages/my_robot_controller
[0.555s] copying /home/robofei/Documents/Ros2_basic/lau_ws/build/my_robot_controller/build/lib/my_robot_controller/transcribeService.py -> /home/robofei/Documents/Ros2_basic/lau_ws/install/my_robot_controller/lib/python3.10/site-packages/my_robot_controller
[0.555s] byte-compiling /home/robofei/Documents/Ros2_basic/lau_ws/install/my_robot_controller/lib/python3.10/site-packages/my_robot_controller/transcribeClient.py to transcribeClient.cpython-310.pyc
[0.556s] byte-compiling /home/robofei/Documents/Ros2_basic/lau_ws/install/my_robot_controller/lib/python3.10/site-packages/my_robot_controller/transcribeService.py to transcribeService.cpython-310.pyc
[0.557s] running install_data
[0.557s] running install_egg_info
[0.558s] removing '/home/robofei/Documents/Ros2_basic/lau_ws/install/my_robot_controller/lib/python3.10/site-packages/my_robot_controller-0.1.0-py3.10.egg-info' (and everything under it)
[0.559s] Copying ../../build/my_robot_controller/my_robot_controller.egg-info to /home/robofei/Documents/Ros2_basic/lau_ws/install/my_robot_controller/lib/python3.10/site-packages/my_robot_controller-0.1.0-py3.10.egg-info
[0.559s] running install_scripts
[0.575s] Installing my_first_node script to /home/robofei/Documents/Ros2_basic/lau_ws/install/my_robot_controller/lib/my_robot_controller
[0.575s] Installing my_publisher script to /home/robofei/Documents/Ros2_basic/lau_ws/install/my_robot_controller/lib/my_robot_controller
[0.575s] Installing my_subscriber script to /home/robofei/Documents/Ros2_basic/lau_ws/install/my_robot_controller/lib/my_robot_controller
[0.575s] Installing transcrever script to /home/robofei/Documents/Ros2_basic/lau_ws/install/my_robot_controller/lib/my_robot_controller
[0.575s] Installing transcrever_client script to /home/robofei/Documents/Ros2_basic/lau_ws/install/my_robot_controller/lib/my_robot_controller
[0.575s] Installing transcrever_service script to /home/robofei/Documents/Ros2_basic/lau_ws/install/my_robot_controller/lib/my_robot_controller
[0.576s] writing list of installed files to '/home/robofei/Documents/Ros2_basic/lau_ws/build/my_robot_controller/install.log'
[0.591s] Invoked command in '/home/robofei/Documents/Ros2_basic/lau_ws/src/my_robot_controller' returned '0': PYTHONPATH=/home/robofei/Documents/Ros2_basic/lau_ws/build/my_robot_controller/prefix_override:/usr/lib/python3/dist-packages/colcon_core/task/python/colcon_distutils_commands:/home/robofei/Documents/Ros2_basic/lau_ws/install/my_robot_controller/lib/python3.10/site-packages:${PYTHONPATH} /usr/bin/python3 -W ignore:setup.py install is deprecated -W ignore:easy_install command is deprecated setup.py egg_info --egg-base ../../build/my_robot_controller build --build-base /home/robofei/Documents/Ros2_basic/lau_ws/build/my_robot_controller/build install --record /home/robofei/Documents/Ros2_basic/lau_ws/build/my_robot_controller/install.log --single-version-externally-managed install_data
