[0.706s] Invoking command in '/home/user/lau_ws/src/my_robot_controller': PYTHONPATH=/home/user/lau_ws/build/my_robot_controller/prefix_override:/usr/lib/python3/dist-packages/colcon_core/task/python/colcon_distutils_commands:/home/user/lau_ws/install/my_robot_controller/lib/python3.10/site-packages:${PYTHONPATH} _=/usr/bin/env /usr/bin/python3 -W ignore:setup.py install is deprecated -W ignore:easy_install command is deprecated setup.py egg_info --egg-base ../../build/my_robot_controller build --build-base /home/user/lau_ws/build/my_robot_controller/build install --record /home/user/lau_ws/build/my_robot_controller/install.log --single-version-externally-managed install_data
[0.984s] running egg_info
[1.002s] writing ../../build/my_robot_controller/my_robot_controller.egg-info/PKG-INFO
[1.003s] writing dependency_links to ../../build/my_robot_controller/my_robot_controller.egg-info/dependency_links.txt
[1.003s] writing entry points to ../../build/my_robot_controller/my_robot_controller.egg-info/entry_points.txt
[1.003s] writing requirements to ../../build/my_robot_controller/my_robot_controller.egg-info/requires.txt
[1.003s] writing top-level names to ../../build/my_robot_controller/my_robot_controller.egg-info/top_level.txt
[1.046s] reading manifest file '../../build/my_robot_controller/my_robot_controller.egg-info/SOURCES.txt'
[1.047s] writing manifest file '../../build/my_robot_controller/my_robot_controller.egg-info/SOURCES.txt'
[1.047s] running build
[1.048s] running build_py
[1.048s] copying my_robot_controller/__init__.py -> /home/user/lau_ws/build/my_robot_controller/build/lib/my_robot_controller
[1.048s] copying my_robot_controller/my_first_node.py -> /home/user/lau_ws/build/my_robot_controller/build/lib/my_robot_controller
[1.048s] running install
[1.052s] running install_lib
[1.077s] running install_data
[1.078s] copying resource/my_robot_controller -> /home/user/lau_ws/install/my_robot_controller/share/ament_index/resource_index/packages
[1.078s] copying package.xml -> /home/user/lau_ws/install/my_robot_controller/share/my_robot_controller
[1.078s] running install_egg_info
[1.098s] removing '/home/user/lau_ws/install/my_robot_controller/lib/python3.10/site-packages/my_robot_controller-0.0.0-py3.10.egg-info' (and everything under it)
[1.099s] Copying ../../build/my_robot_controller/my_robot_controller.egg-info to /home/user/lau_ws/install/my_robot_controller/lib/python3.10/site-packages/my_robot_controller-0.0.0-py3.10.egg-info
[1.100s] running install_scripts
[1.146s] Installing my_first_node script to /home/user/lau_ws/install/my_robot_controller/lib/my_robot_controller
[1.146s] writing list of installed files to '/home/user/lau_ws/build/my_robot_controller/install.log'
[1.170s] Invoked command in '/home/user/lau_ws/src/my_robot_controller' returned '0': PYTHONPATH=/home/user/lau_ws/build/my_robot_controller/prefix_override:/usr/lib/python3/dist-packages/colcon_core/task/python/colcon_distutils_commands:/home/user/lau_ws/install/my_robot_controller/lib/python3.10/site-packages:${PYTHONPATH} _=/usr/bin/env /usr/bin/python3 -W ignore:setup.py install is deprecated -W ignore:easy_install command is deprecated setup.py egg_info --egg-base ../../build/my_robot_controller build --build-base /home/user/lau_ws/build/my_robot_controller/build install --record /home/user/lau_ws/build/my_robot_controller/install.log --single-version-externally-managed install_data
